Determining if the pthread_create exist failed with the following output:
Change Dir: /home/ubuntu/code/build/CMakeFiles/CMakeTmp

Run Build Command:"/usr/bin/make" "cmTC_74a16/fast"
/usr/bin/make -f CMakeFiles/cmTC_74a16.dir/build.make CMakeFiles/cmTC_74a16.dir/build
make[1]: Entering directory '/home/ubuntu/code/build/CMakeFiles/CMakeTmp'
Building C object CMakeFiles/cmTC_74a16.dir/CheckSymbolExists.c.o
/usr/bin/cc    -m64 -msse2    -o CMakeFiles/cmTC_74a16.dir/CheckSymbolExists.c.o   -c /home/ubuntu/code/build/CMakeFiles/CMakeTmp/CheckSymbolExists.c
Linking C executable cmTC_74a16
/usr/bin/cmake -E cmake_link_script CMakeFiles/cmTC_74a16.dir/link.txt --verbose=1
/usr/bin/cc   -m64 -msse2     CMakeFiles/cmTC_74a16.dir/CheckSymbolExists.c.o  -o cmTC_74a16 
CMakeFiles/cmTC_74a16.dir/CheckSymbolExists.c.o: In function `main':
CheckSymbolExists.c:(.text+0x16): undefined reference to `pthread_create'
collect2: error: ld returned 1 exit status
CMakeFiles/cmTC_74a16.dir/build.make:97: recipe for target 'cmTC_74a16' failed
make[1]: *** [cmTC_74a16] Error 1
make[1]: Leaving directory '/home/ubuntu/code/build/CMakeFiles/CMakeTmp'
Makefile:126: recipe for target 'cmTC_74a16/fast' failed
make: *** [cmTC_74a16/fast] Error 2

File /home/ubuntu/code/build/CMakeFiles/CMakeTmp/CheckSymbolExists.c:
/* */
#include <pthread.h>

int main(int argc, char** argv)
{
  (void)argv;
#ifndef pthread_create
  return ((int*)(&pthread_create))[argc];
#else
  (void)argc;
  return 0;
#endif
}

Determining if the function pthread_create exists in the pthreads failed with the following output:
Change Dir: /home/ubuntu/code/build/CMakeFiles/CMakeTmp

Run Build Command:"/usr/bin/make" "cmTC_f969b/fast"
/usr/bin/make -f CMakeFiles/cmTC_f969b.dir/build.make CMakeFiles/cmTC_f969b.dir/build
make[1]: Entering directory '/home/ubuntu/code/build/CMakeFiles/CMakeTmp'
Building C object CMakeFiles/cmTC_f969b.dir/CheckFunctionExists.c.o
/usr/bin/cc    -m64 -msse2 -DCHECK_FUNCTION_EXISTS=pthread_create   -o CMakeFiles/cmTC_f969b.dir/CheckFunctionExists.c.o   -c /usr/share/cmake-3.5/Modules/CheckFunctionExists.c
Linking C executable cmTC_f969b
/usr/bin/cmake -E cmake_link_script CMakeFiles/cmTC_f969b.dir/link.txt --verbose=1
/usr/bin/cc   -m64 -msse2 -DCHECK_FUNCTION_EXISTS=pthread_create    CMakeFiles/cmTC_f969b.dir/CheckFunctionExists.c.o  -o cmTC_f969b -lpthreads 
/usr/bin/ld: cannot find -lpthreads
collect2: error: ld returned 1 exit status
CMakeFiles/cmTC_f969b.dir/build.make:97: recipe for target 'cmTC_f969b' failed
make[1]: *** [cmTC_f969b] Error 1
make[1]: Leaving directory '/home/ubuntu/code/build/CMakeFiles/CMakeTmp'
Makefile:126: recipe for target 'cmTC_f969b/fast' failed
make: *** [cmTC_f969b/fast] Error 2


